<?xml version="1.0" encoding="UTF-8" ?>
<testsuite failures="0" time="0.016" errors="0" skipped="0" tests="19" name="pl.kwi.chrisblog.services.impl.ArticleServiceTest">
  <properties>
    <property name="java.runtime.name" value="Java(TM) SE Runtime Environment"/>
    <property name="sun.boot.library.path" value="E:\Java\jdk1.6.0_23\jre\bin"/>
    <property name="java.vm.version" value="19.0-b06"/>
    <property name="java.vm.vendor" value="Sun Microsystems Inc."/>
    <property name="java.vendor.url" value="http://java.sun.com/"/>
    <property name="path.separator" value=";"/>
    <property name="java.vm.name" value="OpenJDK Client VM"/>
    <property name="file.encoding.pkg" value="sun.io"/>
    <property name="user.country" value="PL"/>
    <property name="sun.java.launcher" value="SUN_STANDARD"/>
    <property name="sun.os.patch.level" value="Dodatek Service Pack 3"/>
    <property name="java.vm.specification.name" value="Java Virtual Machine Specification"/>
    <property name="user.dir" value="E:\Java\Workspace_Blog\chrisblog_repository\ChrisBlog_Github"/>
    <property name="java.runtime.version" value="1.6.0_23-ea-b01"/>
    <property name="java.awt.graphicsenv" value="sun.awt.Win32GraphicsEnvironment"/>
    <property name="basedir" value="E:\Java\Workspace_Blog\chrisblog_repository\ChrisBlog_Github"/>
    <property name="java.endorsed.dirs" value="E:\Java\jdk1.6.0_23\jre\lib\endorsed"/>
    <property name="os.arch" value="x86"/>
    <property name="surefire.real.class.path" value="C:\DOCUME~1\Chris\USTAWI~1\Temp\surefirebooter4966651877788931235.jar"/>
    <property name="java.io.tmpdir" value="C:\DOCUME~1\Chris\USTAWI~1\Temp\"/>
    <property name="line.separator" value="
"/>
    <property name="java.vm.specification.vendor" value="Sun Microsystems Inc."/>
    <property name="user.variant" value=""/>
    <property name="os.name" value="Windows XP"/>
    <property name="sun.jnu.encoding" value="Cp1250"/>
    <property name="java.library.path" value="E:\Java\jdk1.6.0_23\jre\bin;.;C:\WINDOWS\Sun\Java\bin;C:\WINDOWS\system32;C:\WINDOWS;E:/Java/jdk1.6.0_23/bin/../jre/bin/client;E:/Java/jdk1.6.0_23/bin/../jre/bin;E:/Java/jdk1.6.0_23/bin/../jre/lib/i386;C:\Program Files\PC Connectivity Solution\;C:\WINDOWS\system32;C:\WINDOWS;C:\WINDOWS\System32\Wbem;E:\Java\apache-maven-3.0.4\bin;E:\Java\MySQL Server 5.0\bin;E:\Java\groovy-1.8.6\bin;E:\Java\jdk1.6.0_23\bin;;E:\Java\Eclipse_Blog;"/>
    <property name="surefire.test.class.path" value="E:\Java\Workspace_Blog\chrisblog_repository\ChrisBlog_Github\target\test-classes;E:\Java\Workspace_Blog\chrisblog_repository\ChrisBlog_Github\target\classes;C:\Documents and Settings\Chris\.m2\repository\javax\servlet\servlet-api\2.3\servlet-api-2.3.jar;C:\Documents and Settings\Chris\.m2\repository\taglibs\standard\1.1.2\standard-1.1.2.jar;C:\Documents and Settings\Chris\.m2\repository\javax\servlet\jstl\1.1.2\jstl-1.1.2.jar;C:\Documents and Settings\Chris\.m2\repository\junit\junit\4.5\junit-4.5.jar;C:\Documents and Settings\Chris\.m2\repository\org\dbunit\dbunit\2.4.8\dbunit-2.4.8.jar;C:\Documents and Settings\Chris\.m2\repository\org\slf4j\slf4j-api\1.5.6\slf4j-api-1.5.6.jar;C:\Documents and Settings\Chris\.m2\repository\commons-collections\commons-collections\3.2.1\commons-collections-3.2.1.jar;C:\Documents and Settings\Chris\.m2\repository\org\mockito\mockito-all\1.8.5\mockito-all-1.8.5.jar;C:\Documents and Settings\Chris\.m2\repository\log4j\log4j\1.2.16\log4j-1.2.16.jar;C:\Documents and Settings\Chris\.m2\repository\org\springframework\spring-aop\3.0.4.RELEASE\spring-aop-3.0.4.RELEASE.jar;C:\Documents and Settings\Chris\.m2\repository\aopalliance\aopalliance\1.0\aopalliance-1.0.jar;C:\Documents and Settings\Chris\.m2\repository\org\springframework\spring-asm\3.0.4.RELEASE\spring-asm-3.0.4.RELEASE.jar;C:\Documents and Settings\Chris\.m2\repository\org\springframework\spring-beans\3.0.4.RELEASE\spring-beans-3.0.4.RELEASE.jar;C:\Documents and Settings\Chris\.m2\repository\org\springframework\spring-core\3.0.4.RELEASE\spring-core-3.0.4.RELEASE.jar;C:\Documents and Settings\Chris\.m2\repository\org\springframework\spring-context\3.0.4.RELEASE\spring-context-3.0.4.RELEASE.jar;C:\Documents and Settings\Chris\.m2\repository\org\springframework\spring-expression\3.0.4.RELEASE\spring-expression-3.0.4.RELEASE.jar;C:\Documents and Settings\Chris\.m2\repository\org\springframework\spring-context-support\3.0.4.RELEASE\spring-context-support-3.0.4.RELEASE.jar;C:\Documents and Settings\Chris\.m2\repository\org\springframework\spring-test\3.0.4.RELEASE\spring-test-3.0.4.RELEASE.jar;C:\Documents and Settings\Chris\.m2\repository\org\springframework\spring-jdbc\3.0.4.RELEASE\spring-jdbc-3.0.4.RELEASE.jar;C:\Documents and Settings\Chris\.m2\repository\org\springframework\spring-tx\3.0.4.RELEASE\spring-tx-3.0.4.RELEASE.jar;C:\Documents and Settings\Chris\.m2\repository\org\springframework\spring-web\3.0.4.RELEASE\spring-web-3.0.4.RELEASE.jar;C:\Documents and Settings\Chris\.m2\repository\org\springframework\spring-webmvc\3.0.4.RELEASE\spring-webmvc-3.0.4.RELEASE.jar;C:\Documents and Settings\Chris\.m2\repository\org\springframework\spring-orm\3.0.4.RELEASE\spring-orm-3.0.4.RELEASE.jar;C:\Documents and Settings\Chris\.m2\repository\org\springmodules\spring-modules-validation\0.8\spring-modules-validation-0.8.jar;C:\Documents and Settings\Chris\.m2\repository\commons-lang\commons-lang\2.2\commons-lang-2.2.jar;C:\Documents and Settings\Chris\.m2\repository\commons-validator\commons-validator\1.3.0\commons-validator-1.3.0.jar;C:\Documents and Settings\Chris\.m2\repository\commons-beanutils\commons-beanutils\1.7.0\commons-beanutils-1.7.0.jar;C:\Documents and Settings\Chris\.m2\repository\oro\oro\2.0.8\oro-2.0.8.jar;C:\Documents and Settings\Chris\.m2\repository\xml-apis\xml-apis\1.0.b2\xml-apis-1.0.b2.jar;C:\Documents and Settings\Chris\.m2\repository\antlr\antlr\2.7.6\antlr-2.7.6.jar;C:\Documents and Settings\Chris\.m2\repository\rhino\js\1.6R2\js-1.6R2.jar;C:\Documents and Settings\Chris\.m2\repository\commons-logging\commons-logging\1.0.4\commons-logging-1.0.4.jar;C:\Documents and Settings\Chris\.m2\repository\org\mcavallo\opencloud\1.0\opencloud-1.0.jar;C:\Documents and Settings\Chris\.m2\repository\javax\annotation\jsr250-api\1.0\jsr250-api-1.0.jar;"/>
    <property name="java.specification.name" value="Java Platform API Specification"/>
    <property name="java.class.version" value="50.0"/>
    <property name="sun.management.compiler" value="HotSpot Client Compiler"/>
    <property name="os.version" value="5.1"/>
    <property name="user.home" value="C:\Documents and Settings\Chris"/>
    <property name="user.timezone" value="Europe/Belgrade"/>
    <property name="java.awt.printerjob" value="sun.awt.windows.WPrinterJob"/>
    <property name="java.specification.version" value="1.6"/>
    <property name="file.encoding" value="Cp1250"/>
    <property name="user.name" value="Chris"/>
    <property name="java.class.path" value="E:\Java\Workspace_Blog\chrisblog_repository\ChrisBlog_Github\target\test-classes;E:\Java\Workspace_Blog\chrisblog_repository\ChrisBlog_Github\target\classes;C:\Documents and Settings\Chris\.m2\repository\javax\servlet\servlet-api\2.3\servlet-api-2.3.jar;C:\Documents and Settings\Chris\.m2\repository\taglibs\standard\1.1.2\standard-1.1.2.jar;C:\Documents and Settings\Chris\.m2\repository\javax\servlet\jstl\1.1.2\jstl-1.1.2.jar;C:\Documents and Settings\Chris\.m2\repository\junit\junit\4.5\junit-4.5.jar;C:\Documents and Settings\Chris\.m2\repository\org\dbunit\dbunit\2.4.8\dbunit-2.4.8.jar;C:\Documents and Settings\Chris\.m2\repository\org\slf4j\slf4j-api\1.5.6\slf4j-api-1.5.6.jar;C:\Documents and Settings\Chris\.m2\repository\commons-collections\commons-collections\3.2.1\commons-collections-3.2.1.jar;C:\Documents and Settings\Chris\.m2\repository\org\mockito\mockito-all\1.8.5\mockito-all-1.8.5.jar;C:\Documents and Settings\Chris\.m2\repository\log4j\log4j\1.2.16\log4j-1.2.16.jar;C:\Documents and Settings\Chris\.m2\repository\org\springframework\spring-aop\3.0.4.RELEASE\spring-aop-3.0.4.RELEASE.jar;C:\Documents and Settings\Chris\.m2\repository\aopalliance\aopalliance\1.0\aopalliance-1.0.jar;C:\Documents and Settings\Chris\.m2\repository\org\springframework\spring-asm\3.0.4.RELEASE\spring-asm-3.0.4.RELEASE.jar;C:\Documents and Settings\Chris\.m2\repository\org\springframework\spring-beans\3.0.4.RELEASE\spring-beans-3.0.4.RELEASE.jar;C:\Documents and Settings\Chris\.m2\repository\org\springframework\spring-core\3.0.4.RELEASE\spring-core-3.0.4.RELEASE.jar;C:\Documents and Settings\Chris\.m2\repository\org\springframework\spring-context\3.0.4.RELEASE\spring-context-3.0.4.RELEASE.jar;C:\Documents and Settings\Chris\.m2\repository\org\springframework\spring-expression\3.0.4.RELEASE\spring-expression-3.0.4.RELEASE.jar;C:\Documents and Settings\Chris\.m2\repository\org\springframework\spring-context-support\3.0.4.RELEASE\spring-context-support-3.0.4.RELEASE.jar;C:\Documents and Settings\Chris\.m2\repository\org\springframework\spring-test\3.0.4.RELEASE\spring-test-3.0.4.RELEASE.jar;C:\Documents and Settings\Chris\.m2\repository\org\springframework\spring-jdbc\3.0.4.RELEASE\spring-jdbc-3.0.4.RELEASE.jar;C:\Documents and Settings\Chris\.m2\repository\org\springframework\spring-tx\3.0.4.RELEASE\spring-tx-3.0.4.RELEASE.jar;C:\Documents and Settings\Chris\.m2\repository\org\springframework\spring-web\3.0.4.RELEASE\spring-web-3.0.4.RELEASE.jar;C:\Documents and Settings\Chris\.m2\repository\org\springframework\spring-webmvc\3.0.4.RELEASE\spring-webmvc-3.0.4.RELEASE.jar;C:\Documents and Settings\Chris\.m2\repository\org\springframework\spring-orm\3.0.4.RELEASE\spring-orm-3.0.4.RELEASE.jar;C:\Documents and Settings\Chris\.m2\repository\org\springmodules\spring-modules-validation\0.8\spring-modules-validation-0.8.jar;C:\Documents and Settings\Chris\.m2\repository\commons-lang\commons-lang\2.2\commons-lang-2.2.jar;C:\Documents and Settings\Chris\.m2\repository\commons-validator\commons-validator\1.3.0\commons-validator-1.3.0.jar;C:\Documents and Settings\Chris\.m2\repository\commons-beanutils\commons-beanutils\1.7.0\commons-beanutils-1.7.0.jar;C:\Documents and Settings\Chris\.m2\repository\oro\oro\2.0.8\oro-2.0.8.jar;C:\Documents and Settings\Chris\.m2\repository\xml-apis\xml-apis\1.0.b2\xml-apis-1.0.b2.jar;C:\Documents and Settings\Chris\.m2\repository\antlr\antlr\2.7.6\antlr-2.7.6.jar;C:\Documents and Settings\Chris\.m2\repository\rhino\js\1.6R2\js-1.6R2.jar;C:\Documents and Settings\Chris\.m2\repository\commons-logging\commons-logging\1.0.4\commons-logging-1.0.4.jar;C:\Documents and Settings\Chris\.m2\repository\org\mcavallo\opencloud\1.0\opencloud-1.0.jar;C:\Documents and Settings\Chris\.m2\repository\javax\annotation\jsr250-api\1.0\jsr250-api-1.0.jar;"/>
    <property name="java.vm.specification.version" value="1.0"/>
    <property name="sun.arch.data.model" value="32"/>
    <property name="java.home" value="E:\Java\jdk1.6.0_23\jre"/>
    <property name="java.specification.vendor" value="Sun Microsystems Inc."/>
    <property name="user.language" value="pl"/>
    <property name="awt.toolkit" value="sun.awt.windows.WToolkit"/>
    <property name="java.vm.info" value="mixed mode, sharing"/>
    <property name="java.version" value="1.6.0_23-ea"/>
    <property name="java.ext.dirs" value="E:\Java\jdk1.6.0_23\jre\lib\ext;C:\WINDOWS\Sun\Java\lib\ext"/>
    <property name="sun.boot.class.path" value="E:\Java\jdk1.6.0_23\jre\lib\resources.jar;E:\Java\jdk1.6.0_23\jre\lib\rt.jar;E:\Java\jdk1.6.0_23\jre\lib\sunrsasign.jar;E:\Java\jdk1.6.0_23\jre\lib\jsse.jar;E:\Java\jdk1.6.0_23\jre\lib\jce.jar;E:\Java\jdk1.6.0_23\jre\lib\charsets.jar;E:\Java\jdk1.6.0_23\jre\lib\modules\jdk.boot.jar;E:\Java\jdk1.6.0_23\jre\classes"/>
    <property name="java.vendor" value="Sun Microsystems Inc."/>
    <property name="localRepository" value="C:\Documents and Settings\Chris\.m2\repository"/>
    <property name="file.separator" value="\"/>
    <property name="java.vendor.url.bug" value="http://java.sun.com/cgi-bin/bugreport.cgi"/>
    <property name="sun.cpu.endian" value="little"/>
    <property name="sun.io.unicode.encoding" value="UnicodeLittle"/>
    <property name="sun.desktop" value="windows"/>
    <property name="sun.cpu.isalist" value="pentium_pro+mmx pentium_pro pentium+mmx pentium i486 i386 i86"/>
  </properties>
  <testcase time="0" classname="pl.kwi.chrisblog.services.impl.ArticleServiceTest" name="getArticleFromListByUniqueName"/>
  <testcase time="0" classname="pl.kwi.chrisblog.services.impl.ArticleServiceTest" name="getArticleListByCategoryId"/>
  <testcase time="0" classname="pl.kwi.chrisblog.services.impl.ArticleServiceTest" name="getArticleFromListById"/>
  <testcase time="0" classname="pl.kwi.chrisblog.services.impl.ArticleServiceTest" name="convertArticlesToDisplayableForm"/>
  <testcase time="0" classname="pl.kwi.chrisblog.services.impl.ArticleServiceTest" name="getArticleListByCategoryId_CategoryIdNull"/>
  <testcase time="0" classname="pl.kwi.chrisblog.services.impl.ArticleServiceTest" name="getArticleListByCategoryId_LocaleNull"/>
  <testcase time="0" classname="pl.kwi.chrisblog.services.impl.ArticleServiceTest" name="getArticleListByCategoryId_NoArticleInCategory"/>
  <testcase time="0" classname="pl.kwi.chrisblog.services.impl.ArticleServiceTest" name="getArticleFromListById_ArticleListNull"/>
  <testcase time="0" classname="pl.kwi.chrisblog.services.impl.ArticleServiceTest" name="getArticleFromListById_ArticleIdNull"/>
  <testcase time="0" classname="pl.kwi.chrisblog.services.impl.ArticleServiceTest" name="getArticleFromListById_NoArticleInList"/>
  <testcase time="0" classname="pl.kwi.chrisblog.services.impl.ArticleServiceTest" name="getArticleFromListByUniqueName_ArticleListNull"/>
  <testcase time="0" classname="pl.kwi.chrisblog.services.impl.ArticleServiceTest" name="getArticleFromListByUniqueName_UniqueNameNull"/>
  <testcase time="0" classname="pl.kwi.chrisblog.services.impl.ArticleServiceTest" name="getArticleFromListByUniqueName_NoArticleInList"/>
  <testcase time="0" classname="pl.kwi.chrisblog.services.impl.ArticleServiceTest" name="countPageNumberForEveryArticleFromList_ArticlesOnPageNull"/>
  <testcase time="0" classname="pl.kwi.chrisblog.services.impl.ArticleServiceTest" name="countPageNumberForEveryArticleFromList_ArticleListNull"/>
  <testcase time="0" classname="pl.kwi.chrisblog.services.impl.ArticleServiceTest" name="countPageNumberForEveryArticleFromList_OneArticle"/>
  <testcase time="0" classname="pl.kwi.chrisblog.services.impl.ArticleServiceTest" name="countPageNumberForEveryArticleFromList_ThreeArticles"/>
  <testcase time="0" classname="pl.kwi.chrisblog.services.impl.ArticleServiceTest" name="countPageNumberForEveryArticleFromList_SixArticles"/>
  <testcase time="0" classname="pl.kwi.chrisblog.services.impl.ArticleServiceTest" name="countPageNumberForEveryArticleFromList_NineArticles"/>
</testsuite>